<?xml version="1.0" encoding="windows-1252" standalone="no"?>
<!DOCTYPE log SYSTEM "logger.dtd">
<log>
<record>
  <date>2022-10-07T08:09:58.824029500Z</date>
  <millis>1665130198824</millis>
  <nanos>29500</nanos>
  <sequence>1</sequence>
  <logger>MainJuego</logger>
  <level>INFO</level>
  <class>MainJuego</class>
  <method>main</method>
  <thread>1</thread>
  <message>El número de este hilo es: [Thread[Thread-0,5,main], Thread[Thread-1,5,main], Thread[Thread-2,5,main]]</message>
</record>
<record>
  <date>2022-10-07T08:09:59.147049100Z</date>
  <millis>1665130199147</millis>
  <nanos>49100</nanos>
  <sequence>2</sequence>
  <logger>MainJuego</logger>
  <level>INFO</level>
  <class>Jugador</class>
  <method>run</method>
  <thread>16</thread>
  <message>Thread[Thread-1,5,main]Posición: 5
Thread[Thread-1,5,main]Has sacado: 5</message>
</record>
<record>
  <date>2022-10-07T08:09:59.152045900Z</date>
  <millis>1665130199152</millis>
  <nanos>45900</nanos>
  <sequence>3</sequence>
  <logger>MainJuego</logger>
  <level>INFO</level>
  <class>Jugador</class>
  <method>run</method>
  <thread>16</thread>
  <message>Thread[Thread-1,5,main]Nueva Posición: 5</message>
</record>
<record>
  <date>2022-10-07T08:09:59.277041500Z</date>
  <millis>1665130199277</millis>
  <nanos>41500</nanos>
  <sequence>4</sequence>
  <logger>MainJuego</logger>
  <level>INFO</level>
  <class>Jugador</class>
  <method>run</method>
  <thread>17</thread>
  <message>Thread[Thread-2,5,main]Posición: 1
Thread[Thread-2,5,main]Has sacado: 1</message>
</record>
<record>
  <date>2022-10-07T08:09:59.277041500Z</date>
  <millis>1665130199277</millis>
  <nanos>41500</nanos>
  <sequence>5</sequence>
  <logger>MainJuego</logger>
  <level>INFO</level>
  <class>Jugador</class>
  <method>run</method>
  <thread>17</thread>
  <message>Thread[Thread-2,5,main]Nueva Posición: 1</message>
</record>
<record>
  <date>2022-10-07T08:09:59.412424900Z</date>
  <millis>1665130199412</millis>
  <nanos>424900</nanos>
  <sequence>6</sequence>
  <logger>MainJuego</logger>
  <level>INFO</level>
  <class>Jugador</class>
  <method>run</method>
  <thread>15</thread>
  <message>Thread[Thread-0,5,main]Posición: 1
Thread[Thread-0,5,main]Has sacado: 1</message>
</record>
<record>
  <date>2022-10-07T08:09:59.412424900Z</date>
  <millis>1665130199412</millis>
  <nanos>424900</nanos>
  <sequence>7</sequence>
  <logger>MainJuego</logger>
  <level>INFO</level>
  <class>Jugador</class>
  <method>run</method>
  <thread>15</thread>
  <message>Thread[Thread-0,5,main]Nueva Posición: 1</message>
</record>
<record>
  <date>2022-10-07T08:10:00.205558200Z</date>
  <millis>1665130200205</millis>
  <nanos>558200</nanos>
  <sequence>8</sequence>
  <logger>MainJuego</logger>
  <level>INFO</level>
  <class>Jugador</class>
  <method>run</method>
  <thread>17</thread>
  <message>Thread[Thread-2,5,main]Posición: 6
Thread[Thread-2,5,main]Has sacado: 5</message>
</record>
<record>
  <date>2022-10-07T08:10:00.205558200Z</date>
  <millis>1665130200205</millis>
  <nanos>558200</nanos>
  <sequence>9</sequence>
  <logger>MainJuego</logger>
  <level>INFO</level>
  <class>Jugador</class>
  <method>run</method>
  <thread>17</thread>
  <message>Thread[Thread-2,5,main]Nueva Posición: 6</message>
</record>
<record>
  <date>2022-10-07T08:10:00.826098200Z</date>
  <millis>1665130200826</millis>
  <nanos>98200</nanos>
  <sequence>10</sequence>
  <logger>MainJuego</logger>
  <level>INFO</level>
  <class>Jugador</class>
  <method>run</method>
  <thread>15</thread>
  <message>Thread[Thread-0,5,main]Posición: 5
Thread[Thread-0,5,main]Has sacado: 4</message>
</record>
<record>
  <date>2022-10-07T08:10:00.826098200Z</date>
  <millis>1665130200826</millis>
  <nanos>98200</nanos>
  <sequence>11</sequence>
  <logger>MainJuego</logger>
  <level>INFO</level>
  <class>Jugador</class>
  <method>run</method>
  <thread>15</thread>
  <message>Thread[Thread-0,5,main]Nueva Posición: 5</message>
</record>
<record>
  <date>2022-10-07T08:10:01.009219500Z</date>
  <millis>1665130201009</millis>
  <nanos>219500</nanos>
  <sequence>12</sequence>
  <logger>MainJuego</logger>
  <level>INFO</level>
  <class>Jugador</class>
  <method>run</method>
  <thread>16</thread>
  <message>Thread[Thread-1,5,main]Posición: 8
Thread[Thread-1,5,main]Has sacado: 3</message>
</record>
<record>
  <date>2022-10-07T08:10:01.009219500Z</date>
  <millis>1665130201009</millis>
  <nanos>219500</nanos>
  <sequence>13</sequence>
  <logger>MainJuego</logger>
  <level>INFO</level>
  <class>Jugador</class>
  <method>run</method>
  <thread>16</thread>
  <message>Thread[Thread-1,5,main]Nueva Posición: 8</message>
</record>
<record>
  <date>2022-10-07T08:10:01.732605500Z</date>
  <millis>1665130201732</millis>
  <nanos>605500</nanos>
  <sequence>14</sequence>
  <logger>MainJuego</logger>
  <level>INFO</level>
  <class>Jugador</class>
  <method>run</method>
  <thread>17</thread>
  <message>Thread[Thread-2,5,main]Posición: 10
Thread[Thread-2,5,main]Has sacado: 4</message>
</record>
<record>
  <date>2022-10-07T08:10:01.732605500Z</date>
  <millis>1665130201732</millis>
  <nanos>605500</nanos>
  <sequence>15</sequence>
  <logger>MainJuego</logger>
  <level>INFO</level>
  <class>Jugador</class>
  <method>run</method>
  <thread>17</thread>
  <message>Thread[Thread-2,5,main]Nueva Posición: 10</message>
</record>
<record>
  <date>2022-10-07T08:10:02.408186200Z</date>
  <millis>1665130202408</millis>
  <nanos>186200</nanos>
  <sequence>16</sequence>
  <logger>MainJuego</logger>
  <level>INFO</level>
  <class>Jugador</class>
  <method>run</method>
  <thread>15</thread>
  <message>Thread[Thread-0,5,main]Posición: 8
Thread[Thread-0,5,main]Has sacado: 3</message>
</record>
<record>
  <date>2022-10-07T08:10:02.408186200Z</date>
  <millis>1665130202408</millis>
  <nanos>186200</nanos>
  <sequence>17</sequence>
  <logger>MainJuego</logger>
  <level>INFO</level>
  <class>Jugador</class>
  <method>run</method>
  <thread>15</thread>
  <message>Thread[Thread-0,5,main]Nueva Posición: 8</message>
</record>
<record>
  <date>2022-10-07T08:10:02.537994300Z</date>
  <millis>1665130202537</millis>
  <nanos>994300</nanos>
  <sequence>18</sequence>
  <logger>MainJuego</logger>
  <level>INFO</level>
  <class>Jugador</class>
  <method>run</method>
  <thread>17</thread>
  <message>Thread[Thread-2,5,main]Posición: 13
Thread[Thread-2,5,main]Has sacado: 3</message>
</record>
<record>
  <date>2022-10-07T08:10:02.537994300Z</date>
  <millis>1665130202537</millis>
  <nanos>994300</nanos>
  <sequence>19</sequence>
  <logger>MainJuego</logger>
  <level>INFO</level>
  <class>Jugador</class>
  <method>run</method>
  <thread>17</thread>
  <message>Thread[Thread-2,5,main]Nueva Posición: 13</message>
</record>
<record>
  <date>2022-10-07T08:10:02.666068600Z</date>
  <millis>1665130202666</millis>
  <nanos>68600</nanos>
  <sequence>20</sequence>
  <logger>MainJuego</logger>
  <level>INFO</level>
  <class>Jugador</class>
  <method>run</method>
  <thread>17</thread>
  <message>Thread[Thread-2,5,main]Posición: 16
Thread[Thread-2,5,main]Has sacado: 3</message>
</record>
<record>
  <date>2022-10-07T08:10:02.666068600Z</date>
  <millis>1665130202666</millis>
  <nanos>68600</nanos>
  <sequence>21</sequence>
  <logger>MainJuego</logger>
  <level>INFO</level>
  <class>Jugador</class>
  <method>run</method>
  <thread>17</thread>
  <message>Thread[Thread-2,5,main]Nueva Posición: 16</message>
</record>
<record>
  <date>2022-10-07T08:10:02.975274600Z</date>
  <millis>1665130202975</millis>
  <nanos>274600</nanos>
  <sequence>22</sequence>
  <logger>MainJuego</logger>
  <level>INFO</level>
  <class>Jugador</class>
  <method>run</method>
  <thread>16</thread>
  <message>Thread[Thread-1,5,main]Posición: 12
Thread[Thread-1,5,main]Has sacado: 4</message>
</record>
<record>
  <date>2022-10-07T08:10:02.975274600Z</date>
  <millis>1665130202975</millis>
  <nanos>274600</nanos>
  <sequence>23</sequence>
  <logger>MainJuego</logger>
  <level>INFO</level>
  <class>Jugador</class>
  <method>run</method>
  <thread>16</thread>
  <message>Thread[Thread-1,5,main]Nueva Posición: 12</message>
</record>
<record>
  <date>2022-10-07T08:10:03.572171200Z</date>
  <millis>1665130203572</millis>
  <nanos>171200</nanos>
  <sequence>24</sequence>
  <logger>MainJuego</logger>
  <level>INFO</level>
  <class>Jugador</class>
  <method>run</method>
  <thread>17</thread>
  <message>Thread[Thread-2,5,main]Posición: 17
Thread[Thread-2,5,main]Has sacado: 1</message>
</record>
<record>
  <date>2022-10-07T08:10:03.572171200Z</date>
  <millis>1665130203572</millis>
  <nanos>171200</nanos>
  <sequence>25</sequence>
  <logger>MainJuego</logger>
  <level>INFO</level>
  <class>Jugador</class>
  <method>run</method>
  <thread>17</thread>
  <message>Thread[Thread-2,5,main]Nueva Posición: 17</message>
</record>
<record>
  <date>2022-10-07T08:10:03.924224200Z</date>
  <millis>1665130203924</millis>
  <nanos>224200</nanos>
  <sequence>26</sequence>
  <logger>MainJuego</logger>
  <level>INFO</level>
  <class>Jugador</class>
  <method>run</method>
  <thread>15</thread>
  <message>Thread[Thread-0,5,main]Posición: 10
Thread[Thread-0,5,main]Has sacado: 2</message>
</record>
<record>
  <date>2022-10-07T08:10:03.924224200Z</date>
  <millis>1665130203924</millis>
  <nanos>224200</nanos>
  <sequence>27</sequence>
  <logger>MainJuego</logger>
  <level>INFO</level>
  <class>Jugador</class>
  <method>run</method>
  <thread>15</thread>
  <message>Thread[Thread-0,5,main]Nueva Posición: 10</message>
</record>
<record>
  <date>2022-10-07T08:10:04.534247500Z</date>
  <millis>1665130204534</millis>
  <nanos>247500</nanos>
  <sequence>28</sequence>
  <logger>MainJuego</logger>
  <level>INFO</level>
  <class>Jugador</class>
  <method>run</method>
  <thread>17</thread>
  <message>Thread[Thread-2,5,main]Posición: 20
Thread[Thread-2,5,main]Has sacado: 3</message>
</record>
<record>
  <date>2022-10-07T08:10:04.534247500Z</date>
  <millis>1665130204534</millis>
  <nanos>247500</nanos>
  <sequence>29</sequence>
  <logger>MainJuego</logger>
  <level>INFO</level>
  <class>Jugador</class>
  <method>run</method>
  <thread>17</thread>
  <message>Thread[Thread-2,5,main]Nueva Posición: 20</message>
</record>
<record>
  <date>2022-10-07T08:10:04.872272900Z</date>
  <millis>1665130204872</millis>
  <nanos>272900</nanos>
  <sequence>30</sequence>
  <logger>MainJuego</logger>
  <level>INFO</level>
  <class>Jugador</class>
  <method>run</method>
  <thread>15</thread>
  <message>Thread[Thread-0,5,main]Posición: 12
Thread[Thread-0,5,main]Has sacado: 2</message>
</record>
<record>
  <date>2022-10-07T08:10:04.872272900Z</date>
  <millis>1665130204872</millis>
  <nanos>272900</nanos>
  <sequence>31</sequence>
  <logger>MainJuego</logger>
  <level>INFO</level>
  <class>Jugador</class>
  <method>run</method>
  <thread>15</thread>
  <message>Thread[Thread-0,5,main]Nueva Posición: 12</message>
</record>
<record>
  <date>2022-10-07T08:10:04.887268300Z</date>
  <millis>1665130204887</millis>
  <nanos>268300</nanos>
  <sequence>32</sequence>
  <logger>MainJuego</logger>
  <level>INFO</level>
  <class>Jugador</class>
  <method>run</method>
  <thread>16</thread>
  <message>Thread[Thread-1,5,main]Posición: 15
Thread[Thread-1,5,main]Has sacado: 3</message>
</record>
<record>
  <date>2022-10-07T08:10:04.887268300Z</date>
  <millis>1665130204887</millis>
  <nanos>268300</nanos>
  <sequence>33</sequence>
  <logger>MainJuego</logger>
  <level>INFO</level>
  <class>Jugador</class>
  <method>run</method>
  <thread>16</thread>
  <message>Thread[Thread-1,5,main]Nueva Posición: 15</message>
</record>
<record>
  <date>2022-10-07T08:10:05.077311100Z</date>
  <millis>1665130205077</millis>
  <nanos>311100</nanos>
  <sequence>34</sequence>
  <logger>MainJuego</logger>
  <level>INFO</level>
  <class>Jugador</class>
  <method>run</method>
  <thread>15</thread>
  <message>Thread[Thread-0,5,main]Posición: 16
Thread[Thread-0,5,main]Has sacado: 4</message>
</record>
<record>
  <date>2022-10-07T08:10:05.077311100Z</date>
  <millis>1665130205077</millis>
  <nanos>311100</nanos>
  <sequence>35</sequence>
  <logger>MainJuego</logger>
  <level>INFO</level>
  <class>Jugador</class>
  <method>run</method>
  <thread>15</thread>
  <message>Thread[Thread-0,5,main]Nueva Posición: 16</message>
</record>
<record>
  <date>2022-10-07T08:10:05.087326900Z</date>
  <millis>1665130205087</millis>
  <nanos>326900</nanos>
  <sequence>36</sequence>
  <logger>MainJuego</logger>
  <level>INFO</level>
  <class>Jugador</class>
  <method>run</method>
  <thread>15</thread>
  <message>Thread[Thread-0,5,main]Posición: 20
Thread[Thread-0,5,main]Has sacado: 4</message>
</record>
<record>
  <date>2022-10-07T08:10:05.087326900Z</date>
  <millis>1665130205087</millis>
  <nanos>326900</nanos>
  <sequence>37</sequence>
  <logger>MainJuego</logger>
  <level>INFO</level>
  <class>Jugador</class>
  <method>run</method>
  <thread>15</thread>
  <message>Thread[Thread-0,5,main]Nueva Posición: 20</message>
</record>
<record>
  <date>2022-10-07T08:10:05.972255500Z</date>
  <millis>1665130205972</millis>
  <nanos>255500</nanos>
  <sequence>38</sequence>
  <logger>MainJuego</logger>
  <level>INFO</level>
  <class>Jugador</class>
  <method>run</method>
  <thread>17</thread>
  <message>Thread[Thread-2,5,main]Posición: 23
Thread[Thread-2,5,main]Has sacado: 3</message>
</record>
<record>
  <date>2022-10-07T08:10:05.972255500Z</date>
  <millis>1665130205972</millis>
  <nanos>255500</nanos>
  <sequence>39</sequence>
  <logger>MainJuego</logger>
  <level>INFO</level>
  <class>Jugador</class>
  <method>run</method>
  <thread>17</thread>
  <message>Thread[Thread-2,5,main]Nueva Posición: 23</message>
</record>
<record>
  <date>2022-10-07T08:10:06.212222200Z</date>
  <millis>1665130206212</millis>
  <nanos>222200</nanos>
  <sequence>40</sequence>
  <logger>MainJuego</logger>
  <level>INFO</level>
  <class>Jugador</class>
  <method>run</method>
  <thread>16</thread>
  <message>Thread[Thread-1,5,main]Posición: 18
Thread[Thread-1,5,main]Has sacado: 3</message>
</record>
<record>
  <date>2022-10-07T08:10:06.212222200Z</date>
  <millis>1665130206212</millis>
  <nanos>222200</nanos>
  <sequence>41</sequence>
  <logger>MainJuego</logger>
  <level>INFO</level>
  <class>Jugador</class>
  <method>run</method>
  <thread>16</thread>
  <message>Thread[Thread-1,5,main]Nueva Posición: 18</message>
</record>
<record>
  <date>2022-10-07T08:10:07.046119800Z</date>
  <millis>1665130207046</millis>
  <nanos>119800</nanos>
  <sequence>42</sequence>
  <logger>MainJuego</logger>
  <level>INFO</level>
  <class>Jugador</class>
  <method>run</method>
  <thread>15</thread>
  <message>Thread[Thread-0,5,main]Posición: 25
Thread[Thread-0,5,main]Has sacado: 5</message>
</record>
<record>
  <date>2022-10-07T08:10:07.046119800Z</date>
  <millis>1665130207046</millis>
  <nanos>119800</nanos>
  <sequence>43</sequence>
  <logger>MainJuego</logger>
  <level>INFO</level>
  <class>Jugador</class>
  <method>run</method>
  <thread>15</thread>
  <message>Thread[Thread-0,5,main]Nueva Posición: 25</message>
</record>
<record>
  <date>2022-10-07T08:10:07.279154100Z</date>
  <millis>1665130207279</millis>
  <nanos>154100</nanos>
  <sequence>44</sequence>
  <logger>MainJuego</logger>
  <level>INFO</level>
  <class>Jugador</class>
  <method>run</method>
  <thread>16</thread>
  <message>Thread[Thread-1,5,main]Posición: 19
Thread[Thread-1,5,main]Has sacado: 1</message>
</record>
<record>
  <date>2022-10-07T08:10:07.279154100Z</date>
  <millis>1665130207279</millis>
  <nanos>154100</nanos>
  <sequence>45</sequence>
  <logger>MainJuego</logger>
  <level>INFO</level>
  <class>Jugador</class>
  <method>run</method>
  <thread>16</thread>
  <message>Thread[Thread-1,5,main]Nueva Posición: 19</message>
</record>
<record>
  <date>2022-10-07T08:10:07.382208400Z</date>
  <millis>1665130207382</millis>
  <nanos>208400</nanos>
  <sequence>46</sequence>
  <logger>MainJuego</logger>
  <level>INFO</level>
  <class>Jugador</class>
  <method>run</method>
  <thread>15</thread>
  <message>Thread[Thread-0,5,main]Posición: 26
Thread[Thread-0,5,main]Has sacado: 1</message>
</record>
<record>
  <date>2022-10-07T08:10:07.382208400Z</date>
  <millis>1665130207382</millis>
  <nanos>208400</nanos>
  <sequence>47</sequence>
  <logger>MainJuego</logger>
  <level>INFO</level>
  <class>Jugador</class>
  <method>run</method>
  <thread>15</thread>
  <message>Thread[Thread-0,5,main]Nueva Posición: 26</message>
</record>
<record>
  <date>2022-10-07T08:10:07.616478900Z</date>
  <millis>1665130207616</millis>
  <nanos>478900</nanos>
  <sequence>48</sequence>
  <logger>MainJuego</logger>
  <level>INFO</level>
  <class>Jugador</class>
  <method>run</method>
  <thread>17</thread>
  <message>Thread[Thread-2,5,main]Posición: 26
Thread[Thread-2,5,main]Has sacado: 3</message>
</record>
<record>
  <date>2022-10-07T08:10:07.616478900Z</date>
  <millis>1665130207616</millis>
  <nanos>478900</nanos>
  <sequence>49</sequence>
  <logger>MainJuego</logger>
  <level>INFO</level>
  <class>Jugador</class>
  <method>run</method>
  <thread>17</thread>
  <message>Thread[Thread-2,5,main]Nueva Posición: 26</message>
</record>
<record>
  <date>2022-10-07T08:10:08.118237900Z</date>
  <millis>1665130208118</millis>
  <nanos>237900</nanos>
  <sequence>50</sequence>
  <logger>MainJuego</logger>
  <level>INFO</level>
  <class>Jugador</class>
  <method>run</method>
  <thread>15</thread>
  <message>Thread[Thread-0,5,main]Posición: 30
Thread[Thread-0,5,main]Has sacado: 4</message>
</record>
<record>
  <date>2022-10-07T08:10:08.118237900Z</date>
  <millis>1665130208118</millis>
  <nanos>237900</nanos>
  <sequence>51</sequence>
  <logger>MainJuego</logger>
  <level>INFO</level>
  <class>Jugador</class>
  <method>run</method>
  <thread>15</thread>
  <message>Thread[Thread-0,5,main]Nueva Posición: 30</message>
</record>
<record>
  <date>2022-10-07T08:10:08.119244400Z</date>
  <millis>1665130208119</millis>
  <nanos>244400</nanos>
  <sequence>52</sequence>
  <logger>MainJuego</logger>
  <level>INFO</level>
  <class>Jugador</class>
  <method>run</method>
  <thread>15</thread>
  <message>30</message>
</record>
<record>
  <date>2022-10-07T08:10:08.321172900Z</date>
  <millis>1665130208321</millis>
  <nanos>172900</nanos>
  <sequence>53</sequence>
  <logger>MainJuego</logger>
  <level>INFO</level>
  <class>Jugador</class>
  <method>run</method>
  <thread>16</thread>
  <message>Thread[Thread-1,5,main]Posición: 24
Thread[Thread-1,5,main]Has sacado: 5</message>
</record>
<record>
  <date>2022-10-07T08:10:08.321172900Z</date>
  <millis>1665130208321</millis>
  <nanos>172900</nanos>
  <sequence>54</sequence>
  <logger>MainJuego</logger>
  <level>INFO</level>
  <class>Jugador</class>
  <method>run</method>
  <thread>16</thread>
  <message>Thread[Thread-1,5,main]Nueva Posición: 24</message>
</record>
<record>
  <date>2022-10-07T08:10:09.275390900Z</date>
  <millis>1665130209275</millis>
  <nanos>390900</nanos>
  <sequence>55</sequence>
  <logger>MainJuego</logger>
  <level>INFO</level>
  <class>Jugador</class>
  <method>run</method>
  <thread>16</thread>
  <message>Thread[Thread-1,5,main]Posición: 26
Thread[Thread-1,5,main]Has sacado: 2</message>
</record>
<record>
  <date>2022-10-07T08:10:09.275390900Z</date>
  <millis>1665130209275</millis>
  <nanos>390900</nanos>
  <sequence>56</sequence>
  <logger>MainJuego</logger>
  <level>INFO</level>
  <class>Jugador</class>
  <method>run</method>
  <thread>16</thread>
  <message>Thread[Thread-1,5,main]Nueva Posición: 26</message>
</record>
<record>
  <date>2022-10-07T08:10:09.512577Z</date>
  <millis>1665130209512</millis>
  <nanos>577000</nanos>
  <sequence>57</sequence>
  <logger>MainJuego</logger>
  <level>INFO</level>
  <class>Jugador</class>
  <method>run</method>
  <thread>17</thread>
  <message>Thread[Thread-2,5,main]Posición: 30
Thread[Thread-2,5,main]Has sacado: 4</message>
</record>
<record>
  <date>2022-10-07T08:10:09.512577Z</date>
  <millis>1665130209512</millis>
  <nanos>577000</nanos>
  <sequence>58</sequence>
  <logger>MainJuego</logger>
  <level>INFO</level>
  <class>Jugador</class>
  <method>run</method>
  <thread>17</thread>
  <message>Thread[Thread-2,5,main]Nueva Posición: 30</message>
</record>
<record>
  <date>2022-10-07T08:10:09.512577Z</date>
  <millis>1665130209512</millis>
  <nanos>577000</nanos>
  <sequence>59</sequence>
  <logger>MainJuego</logger>
  <level>INFO</level>
  <class>Jugador</class>
  <method>run</method>
  <thread>17</thread>
  <message>30</message>
</record>
<record>
  <date>2022-10-07T08:10:10.280475300Z</date>
  <millis>1665130210280</millis>
  <nanos>475300</nanos>
  <sequence>60</sequence>
  <logger>MainJuego</logger>
  <level>INFO</level>
  <class>Jugador</class>
  <method>run</method>
  <thread>16</thread>
  <message>Thread[Thread-1,5,main]Posición: 28
Thread[Thread-1,5,main]Has sacado: 2</message>
</record>
<record>
  <date>2022-10-07T08:10:10.280475300Z</date>
  <millis>1665130210280</millis>
  <nanos>475300</nanos>
  <sequence>61</sequence>
  <logger>MainJuego</logger>
  <level>INFO</level>
  <class>Jugador</class>
  <method>run</method>
  <thread>16</thread>
  <message>Thread[Thread-1,5,main]Nueva Posición: 28</message>
</record>
<record>
  <date>2022-10-07T08:10:10.374847600Z</date>
  <millis>1665130210374</millis>
  <nanos>847600</nanos>
  <sequence>62</sequence>
  <logger>MainJuego</logger>
  <level>INFO</level>
  <class>Jugador</class>
  <method>run</method>
  <thread>16</thread>
  <message>Thread[Thread-1,5,main]Posición: 31
Thread[Thread-1,5,main]Has sacado: 3</message>
</record>
<record>
  <date>2022-10-07T08:10:10.374847600Z</date>
  <millis>1665130210374</millis>
  <nanos>847600</nanos>
  <sequence>63</sequence>
  <logger>MainJuego</logger>
  <level>INFO</level>
  <class>Jugador</class>
  <method>run</method>
  <thread>16</thread>
  <message>Thread[Thread-1,5,main]Nueva Posición: 29</message>
</record>
<record>
  <date>2022-10-07T08:10:11.589064400Z</date>
  <millis>1665130211589</millis>
  <nanos>64400</nanos>
  <sequence>64</sequence>
  <logger>MainJuego</logger>
  <level>INFO</level>
  <class>Jugador</class>
  <method>run</method>
  <thread>16</thread>
  <message>Thread[Thread-1,5,main]Posición: 31
Thread[Thread-1,5,main]Has sacado: 2</message>
</record>
<record>
  <date>2022-10-07T08:10:11.589064400Z</date>
  <millis>1665130211589</millis>
  <nanos>64400</nanos>
  <sequence>65</sequence>
  <logger>MainJuego</logger>
  <level>INFO</level>
  <class>Jugador</class>
  <method>run</method>
  <thread>16</thread>
  <message>Thread[Thread-1,5,main]Nueva Posición: 29</message>
</record>
<record>
  <date>2022-10-07T08:10:11.835589100Z</date>
  <millis>1665130211835</millis>
  <nanos>589100</nanos>
  <sequence>66</sequence>
  <logger>MainJuego</logger>
  <level>INFO</level>
  <class>Jugador</class>
  <method>run</method>
  <thread>16</thread>
  <message>Thread[Thread-1,5,main]Posición: 31
Thread[Thread-1,5,main]Has sacado: 2</message>
</record>
<record>
  <date>2022-10-07T08:10:11.835589100Z</date>
  <millis>1665130211835</millis>
  <nanos>589100</nanos>
  <sequence>67</sequence>
  <logger>MainJuego</logger>
  <level>INFO</level>
  <class>Jugador</class>
  <method>run</method>
  <thread>16</thread>
  <message>Thread[Thread-1,5,main]Nueva Posición: 29</message>
</record>
<record>
  <date>2022-10-07T08:10:12.849660600Z</date>
  <millis>1665130212849</millis>
  <nanos>660600</nanos>
  <sequence>68</sequence>
  <logger>MainJuego</logger>
  <level>INFO</level>
  <class>Jugador</class>
  <method>run</method>
  <thread>16</thread>
  <message>Thread[Thread-1,5,main]Posición: 30
Thread[Thread-1,5,main]Has sacado: 1</message>
</record>
<record>
  <date>2022-10-07T08:10:12.849660600Z</date>
  <millis>1665130212849</millis>
  <nanos>660600</nanos>
  <sequence>69</sequence>
  <logger>MainJuego</logger>
  <level>INFO</level>
  <class>Jugador</class>
  <method>run</method>
  <thread>16</thread>
  <message>Thread[Thread-1,5,main]Nueva Posición: 30</message>
</record>
<record>
  <date>2022-10-07T08:10:12.850653800Z</date>
  <millis>1665130212850</millis>
  <nanos>653800</nanos>
  <sequence>70</sequence>
  <logger>MainJuego</logger>
  <level>INFO</level>
  <class>Jugador</class>
  <method>run</method>
  <thread>16</thread>
  <message>30</message>
</record>
</log>
